[2024-08-21T19:13:21.078+0500] {local_task_job_runner.py:123} INFO - ::group::Pre task execution logs
[2024-08-21T19:13:21.099+0500] {taskinstance.py:2603} INFO - Dependencies all met for dep_context=non-requeueable deps ti=<TaskInstance: 3_models_dag_home.init manual__2024-08-21T14:13:18.811071+00:00 [queued]>
[2024-08-21T19:13:21.108+0500] {taskinstance.py:2603} INFO - Dependencies all met for dep_context=requeueable deps ti=<TaskInstance: 3_models_dag_home.init manual__2024-08-21T14:13:18.811071+00:00 [queued]>
[2024-08-21T19:13:21.108+0500] {taskinstance.py:2856} INFO - Starting attempt 1 of 1
[2024-08-21T19:13:21.123+0500] {taskinstance.py:2879} INFO - Executing <Task(PythonOperator): init> on 2024-08-21 14:13:18.811071+00:00
[2024-08-21T19:13:21.136+0500] {logging_mixin.py:190} WARNING - /home/nicolaspc/anaconda3/envs/mlops_env/lib/python3.12/site-packages/***/task/task_runner/standard_task_runner.py:70 DeprecationWarning: This process (pid=261911) is multi-threaded, use of fork() may lead to deadlocks in the child.
[2024-08-21T19:13:21.137+0500] {standard_task_runner.py:72} INFO - Started process 261974 to run task
[2024-08-21T19:13:21.137+0500] {standard_task_runner.py:104} INFO - Running: ['***', 'tasks', 'run', '3_models_dag_home', 'init', 'manual__2024-08-21T14:13:18.811071+00:00', '--job-id', '117', '--raw', '--subdir', 'DAGS_FOLDER/.ipynb_checkpoints/homework_stepik-checkpoint.py', '--cfg-path', '/tmp/tmp75f862mu']
[2024-08-21T19:13:21.138+0500] {standard_task_runner.py:105} INFO - Job 117: Subtask init
[2024-08-21T19:13:21.192+0500] {task_command.py:467} INFO - Running <TaskInstance: 3_models_dag_home.init manual__2024-08-21T14:13:18.811071+00:00 [running]> on host nicolaspc-HP-Pavilion-Laptop-15-eh1xxx
[2024-08-21T19:13:21.270+0500] {taskinstance.py:3122} INFO - Exporting env vars: AIRFLOW_CTX_DAG_OWNER='Nicolas Pal' AIRFLOW_CTX_DAG_ID='3_models_dag_home' AIRFLOW_CTX_TASK_ID='init' AIRFLOW_CTX_EXECUTION_DATE='2024-08-21T14:13:18.811071+00:00' AIRFLOW_CTX_TRY_NUMBER='1' AIRFLOW_CTX_DAG_RUN_ID='manual__2024-08-21T14:13:18.811071+00:00'
[2024-08-21T19:13:21.271+0500] {taskinstance.py:731} INFO - ::endgroup::
[2024-08-21T19:13:21.536+0500] {migration.py:216} INFO - Context impl PostgresqlImpl.
[2024-08-21T19:13:21.537+0500] {migration.py:219} INFO - Will assume transactional DDL.
[2024-08-21T19:13:21.554+0500] {taskinstance.py:3301} ERROR - Task failed with exception
Traceback (most recent call last):
  File "/home/nicolaspc/anaconda3/envs/mlops_env/lib/python3.12/site-packages/sqlalchemy/engine/base.py", line 1910, in _execute_context
    self.dialect.do_execute(
  File "/home/nicolaspc/anaconda3/envs/mlops_env/lib/python3.12/site-packages/sqlalchemy/engine/default.py", line 736, in do_execute
    cursor.execute(statement, parameters)
psycopg2.errors.UniqueViolation: duplicate key value violates unique constraint "experiments_name_key"
DETAIL:  Key (name)=(parent_run_home) already exists.


The above exception was the direct cause of the following exception:

Traceback (most recent call last):
  File "/home/nicolaspc/anaconda3/envs/mlops_env/lib/python3.12/site-packages/mlflow/store/db/utils.py", line 147, in make_managed_session
    yield session
  File "/home/nicolaspc/anaconda3/envs/mlops_env/lib/python3.12/site-packages/mlflow/store/tracking/sqlalchemy_store.py", line 289, in create_experiment
    session.flush()
  File "/home/nicolaspc/anaconda3/envs/mlops_env/lib/python3.12/site-packages/sqlalchemy/orm/session.py", line 3449, in flush
    self._flush(objects)
  File "/home/nicolaspc/anaconda3/envs/mlops_env/lib/python3.12/site-packages/sqlalchemy/orm/session.py", line 3588, in _flush
    with util.safe_reraise():
  File "/home/nicolaspc/anaconda3/envs/mlops_env/lib/python3.12/site-packages/sqlalchemy/util/langhelpers.py", line 70, in __exit__
    compat.raise_(
  File "/home/nicolaspc/anaconda3/envs/mlops_env/lib/python3.12/site-packages/sqlalchemy/util/compat.py", line 211, in raise_
    raise exception
  File "/home/nicolaspc/anaconda3/envs/mlops_env/lib/python3.12/site-packages/sqlalchemy/orm/session.py", line 3549, in _flush
    flush_context.execute()
  File "/home/nicolaspc/anaconda3/envs/mlops_env/lib/python3.12/site-packages/sqlalchemy/orm/unitofwork.py", line 456, in execute
    rec.execute(self)
  File "/home/nicolaspc/anaconda3/envs/mlops_env/lib/python3.12/site-packages/sqlalchemy/orm/unitofwork.py", line 630, in execute
    util.preloaded.orm_persistence.save_obj(
  File "/home/nicolaspc/anaconda3/envs/mlops_env/lib/python3.12/site-packages/sqlalchemy/orm/persistence.py", line 245, in save_obj
    _emit_insert_statements(
  File "/home/nicolaspc/anaconda3/envs/mlops_env/lib/python3.12/site-packages/sqlalchemy/orm/persistence.py", line 1238, in _emit_insert_statements
    result = connection._execute_20(
             ^^^^^^^^^^^^^^^^^^^^^^^
  File "/home/nicolaspc/anaconda3/envs/mlops_env/lib/python3.12/site-packages/sqlalchemy/engine/base.py", line 1710, in _execute_20
    return meth(self, args_10style, kwargs_10style, execution_options)
           ^^^^^^^^^^^^^^^^^^^^^^^^^^^^^^^^^^^^^^^^^^^^^^^^^^^^^^^^^^^
  File "/home/nicolaspc/anaconda3/envs/mlops_env/lib/python3.12/site-packages/sqlalchemy/sql/elements.py", line 334, in _execute_on_connection
    return connection._execute_clauseelement(
           ^^^^^^^^^^^^^^^^^^^^^^^^^^^^^^^^^^
  File "/home/nicolaspc/anaconda3/envs/mlops_env/lib/python3.12/site-packages/sqlalchemy/engine/base.py", line 1577, in _execute_clauseelement
    ret = self._execute_context(
          ^^^^^^^^^^^^^^^^^^^^^^
  File "/home/nicolaspc/anaconda3/envs/mlops_env/lib/python3.12/site-packages/sqlalchemy/engine/base.py", line 1953, in _execute_context
    self._handle_dbapi_exception(
  File "/home/nicolaspc/anaconda3/envs/mlops_env/lib/python3.12/site-packages/sqlalchemy/engine/base.py", line 2134, in _handle_dbapi_exception
    util.raise_(
  File "/home/nicolaspc/anaconda3/envs/mlops_env/lib/python3.12/site-packages/sqlalchemy/util/compat.py", line 211, in raise_
    raise exception
  File "/home/nicolaspc/anaconda3/envs/mlops_env/lib/python3.12/site-packages/sqlalchemy/engine/base.py", line 1910, in _execute_context
    self.dialect.do_execute(
  File "/home/nicolaspc/anaconda3/envs/mlops_env/lib/python3.12/site-packages/sqlalchemy/engine/default.py", line 736, in do_execute
    cursor.execute(statement, parameters)
sqlalchemy.exc.IntegrityError: (psycopg2.errors.UniqueViolation) duplicate key value violates unique constraint "experiments_name_key"
DETAIL:  Key (name)=(parent_run_home) already exists.

[SQL: INSERT INTO experiments (name, artifact_location, lifecycle_stage, creation_time, last_update_time) VALUES (%(name)s, %(artifact_location)s, %(lifecycle_stage)s, %(creation_time)s, %(last_update_time)s) RETURNING experiments.experiment_id]
[parameters: {'name': 'parent_run_home', 'artifact_location': 's3://test-bucket-nicolas-1/mlflow/parent_run_home', 'lifecycle_stage': 'active', 'creation_time': 1724249601552, 'last_update_time': 1724249601552}]
(Background on this error at: https://sqlalche.me/e/14/gkpj)

During handling of the above exception, another exception occurred:

Traceback (most recent call last):
  File "/home/nicolaspc/anaconda3/envs/mlops_env/lib/python3.12/site-packages/airflow/models/taskinstance.py", line 767, in _execute_task
    result = _execute_callable(context=context, **execute_callable_kwargs)
             ^^^^^^^^^^^^^^^^^^^^^^^^^^^^^^^^^^^^^^^^^^^^^^^^^^^^^^^^^^^^^
  File "/home/nicolaspc/anaconda3/envs/mlops_env/lib/python3.12/site-packages/airflow/models/taskinstance.py", line 733, in _execute_callable
    return ExecutionCallableRunner(
           ^^^^^^^^^^^^^^^^^^^^^^^^
  File "/home/nicolaspc/anaconda3/envs/mlops_env/lib/python3.12/site-packages/airflow/utils/operator_helpers.py", line 252, in run
    return self.func(*args, **kwargs)
           ^^^^^^^^^^^^^^^^^^^^^^^^^^
  File "/home/nicolaspc/anaconda3/envs/mlops_env/lib/python3.12/site-packages/airflow/models/baseoperator.py", line 406, in wrapper
    return func(self, *args, **kwargs)
           ^^^^^^^^^^^^^^^^^^^^^^^^^^^
  File "/home/nicolaspc/anaconda3/envs/mlops_env/lib/python3.12/site-packages/airflow/operators/python.py", line 238, in execute
    return_value = self.execute_callable()
                   ^^^^^^^^^^^^^^^^^^^^^^^
  File "/home/nicolaspc/anaconda3/envs/mlops_env/lib/python3.12/site-packages/airflow/operators/python.py", line 256, in execute_callable
    return runner.run(*self.op_args, **self.op_kwargs)
           ^^^^^^^^^^^^^^^^^^^^^^^^^^^^^^^^^^^^^^^^^^^
  File "/home/nicolaspc/anaconda3/envs/mlops_env/lib/python3.12/site-packages/airflow/utils/operator_helpers.py", line 252, in run
    return self.func(*args, **kwargs)
           ^^^^^^^^^^^^^^^^^^^^^^^^^^
  File "/home/nicolaspc/airflow/dags/.ipynb_checkpoints/homework_stepik-checkpoint.py", line 65, in init
    experiment_id = mlflow.create_experiment(exp_name, artifact_location=f"s3://test-bucket-nicolas-1/mlflow/{exp_name}")
                    ^^^^^^^^^^^^^^^^^^^^^^^^^^^^^^^^^^^^^^^^^^^^^^^^^^^^^^^^^^^^^^^^^^^^^^^^^^^^^^^^^^^^^^^^^^^^^^^^^^^^^
  File "/home/nicolaspc/anaconda3/envs/mlops_env/lib/python3.12/site-packages/mlflow/tracking/fluent.py", line 1725, in create_experiment
    return MlflowClient().create_experiment(name, artifact_location, tags)
           ^^^^^^^^^^^^^^^^^^^^^^^^^^^^^^^^^^^^^^^^^^^^^^^^^^^^^^^^^^^^^^^
  File "/home/nicolaspc/anaconda3/envs/mlops_env/lib/python3.12/site-packages/mlflow/tracking/client.py", line 1284, in create_experiment
    return self._tracking_client.create_experiment(name, artifact_location, tags)
           ^^^^^^^^^^^^^^^^^^^^^^^^^^^^^^^^^^^^^^^^^^^^^^^^^^^^^^^^^^^^^^^^^^^^^^
  File "/home/nicolaspc/anaconda3/envs/mlops_env/lib/python3.12/site-packages/mlflow/tracking/_tracking_service/client.py", line 498, in create_experiment
    return self.store.create_experiment(
           ^^^^^^^^^^^^^^^^^^^^^^^^^^^^^
  File "/home/nicolaspc/anaconda3/envs/mlops_env/lib/python3.12/site-packages/mlflow/store/tracking/sqlalchemy_store.py", line 265, in create_experiment
    with self.ManagedSessionMaker() as session:
  File "/home/nicolaspc/anaconda3/envs/mlops_env/lib/python3.12/contextlib.py", line 158, in __exit__
    self.gen.throw(value)
  File "/home/nicolaspc/anaconda3/envs/mlops_env/lib/python3.12/site-packages/mlflow/store/db/utils.py", line 161, in make_managed_session
    raise MlflowException(message=e, error_code=BAD_REQUEST)
mlflow.exceptions.MlflowException: (psycopg2.errors.UniqueViolation) duplicate key value violates unique constraint "experiments_name_key"
DETAIL:  Key (name)=(parent_run_home) already exists.

[SQL: INSERT INTO experiments (name, artifact_location, lifecycle_stage, creation_time, last_update_time) VALUES (%(name)s, %(artifact_location)s, %(lifecycle_stage)s, %(creation_time)s, %(last_update_time)s) RETURNING experiments.experiment_id]
[parameters: {'name': 'parent_run_home', 'artifact_location': 's3://test-bucket-nicolas-1/mlflow/parent_run_home', 'lifecycle_stage': 'active', 'creation_time': 1724249601552, 'last_update_time': 1724249601552}]
(Background on this error at: https://sqlalche.me/e/14/gkpj)
[2024-08-21T19:13:21.579+0500] {taskinstance.py:1225} INFO - Marking task as FAILED. dag_id=3_models_dag_home, task_id=init, run_id=manual__2024-08-21T14:13:18.811071+00:00, execution_date=20240821T141318, start_date=20240821T141321, end_date=20240821T141321
[2024-08-21T19:13:21.591+0500] {taskinstance.py:340} INFO - ::group::Post task execution logs
[2024-08-21T19:13:21.592+0500] {standard_task_runner.py:124} ERROR - Failed to execute job 117 for task init ((psycopg2.errors.UniqueViolation) duplicate key value violates unique constraint "experiments_name_key"
DETAIL:  Key (name)=(parent_run_home) already exists.

[SQL: INSERT INTO experiments (name, artifact_location, lifecycle_stage, creation_time, last_update_time) VALUES (%(name)s, %(artifact_location)s, %(lifecycle_stage)s, %(creation_time)s, %(last_update_time)s) RETURNING experiments.experiment_id]
[parameters: {'name': 'parent_run_home', 'artifact_location': 's3://test-bucket-nicolas-1/mlflow/parent_run_home', 'lifecycle_stage': 'active', 'creation_time': 1724249601552, 'last_update_time': 1724249601552}]
(Background on this error at: https://sqlalche.me/e/14/gkpj); 261974)
Traceback (most recent call last):
  File "/home/nicolaspc/anaconda3/envs/mlops_env/lib/python3.12/site-packages/sqlalchemy/engine/base.py", line 1910, in _execute_context
    self.dialect.do_execute(
  File "/home/nicolaspc/anaconda3/envs/mlops_env/lib/python3.12/site-packages/sqlalchemy/engine/default.py", line 736, in do_execute
    cursor.execute(statement, parameters)
psycopg2.errors.UniqueViolation: duplicate key value violates unique constraint "experiments_name_key"
DETAIL:  Key (name)=(parent_run_home) already exists.


The above exception was the direct cause of the following exception:

Traceback (most recent call last):
  File "/home/nicolaspc/anaconda3/envs/mlops_env/lib/python3.12/site-packages/mlflow/store/db/utils.py", line 147, in make_managed_session
    yield session
  File "/home/nicolaspc/anaconda3/envs/mlops_env/lib/python3.12/site-packages/mlflow/store/tracking/sqlalchemy_store.py", line 289, in create_experiment
    session.flush()
  File "/home/nicolaspc/anaconda3/envs/mlops_env/lib/python3.12/site-packages/sqlalchemy/orm/session.py", line 3449, in flush
    self._flush(objects)
  File "/home/nicolaspc/anaconda3/envs/mlops_env/lib/python3.12/site-packages/sqlalchemy/orm/session.py", line 3588, in _flush
    with util.safe_reraise():
  File "/home/nicolaspc/anaconda3/envs/mlops_env/lib/python3.12/site-packages/sqlalchemy/util/langhelpers.py", line 70, in __exit__
    compat.raise_(
  File "/home/nicolaspc/anaconda3/envs/mlops_env/lib/python3.12/site-packages/sqlalchemy/util/compat.py", line 211, in raise_
    raise exception
  File "/home/nicolaspc/anaconda3/envs/mlops_env/lib/python3.12/site-packages/sqlalchemy/orm/session.py", line 3549, in _flush
    flush_context.execute()
  File "/home/nicolaspc/anaconda3/envs/mlops_env/lib/python3.12/site-packages/sqlalchemy/orm/unitofwork.py", line 456, in execute
    rec.execute(self)
  File "/home/nicolaspc/anaconda3/envs/mlops_env/lib/python3.12/site-packages/sqlalchemy/orm/unitofwork.py", line 630, in execute
    util.preloaded.orm_persistence.save_obj(
  File "/home/nicolaspc/anaconda3/envs/mlops_env/lib/python3.12/site-packages/sqlalchemy/orm/persistence.py", line 245, in save_obj
    _emit_insert_statements(
  File "/home/nicolaspc/anaconda3/envs/mlops_env/lib/python3.12/site-packages/sqlalchemy/orm/persistence.py", line 1238, in _emit_insert_statements
    result = connection._execute_20(
             ^^^^^^^^^^^^^^^^^^^^^^^
  File "/home/nicolaspc/anaconda3/envs/mlops_env/lib/python3.12/site-packages/sqlalchemy/engine/base.py", line 1710, in _execute_20
    return meth(self, args_10style, kwargs_10style, execution_options)
           ^^^^^^^^^^^^^^^^^^^^^^^^^^^^^^^^^^^^^^^^^^^^^^^^^^^^^^^^^^^
  File "/home/nicolaspc/anaconda3/envs/mlops_env/lib/python3.12/site-packages/sqlalchemy/sql/elements.py", line 334, in _execute_on_connection
    return connection._execute_clauseelement(
           ^^^^^^^^^^^^^^^^^^^^^^^^^^^^^^^^^^
  File "/home/nicolaspc/anaconda3/envs/mlops_env/lib/python3.12/site-packages/sqlalchemy/engine/base.py", line 1577, in _execute_clauseelement
    ret = self._execute_context(
          ^^^^^^^^^^^^^^^^^^^^^^
  File "/home/nicolaspc/anaconda3/envs/mlops_env/lib/python3.12/site-packages/sqlalchemy/engine/base.py", line 1953, in _execute_context
    self._handle_dbapi_exception(
  File "/home/nicolaspc/anaconda3/envs/mlops_env/lib/python3.12/site-packages/sqlalchemy/engine/base.py", line 2134, in _handle_dbapi_exception
    util.raise_(
  File "/home/nicolaspc/anaconda3/envs/mlops_env/lib/python3.12/site-packages/sqlalchemy/util/compat.py", line 211, in raise_
    raise exception
  File "/home/nicolaspc/anaconda3/envs/mlops_env/lib/python3.12/site-packages/sqlalchemy/engine/base.py", line 1910, in _execute_context
    self.dialect.do_execute(
  File "/home/nicolaspc/anaconda3/envs/mlops_env/lib/python3.12/site-packages/sqlalchemy/engine/default.py", line 736, in do_execute
    cursor.execute(statement, parameters)
sqlalchemy.exc.IntegrityError: (psycopg2.errors.UniqueViolation) duplicate key value violates unique constraint "experiments_name_key"
DETAIL:  Key (name)=(parent_run_home) already exists.

[SQL: INSERT INTO experiments (name, artifact_location, lifecycle_stage, creation_time, last_update_time) VALUES (%(name)s, %(artifact_location)s, %(lifecycle_stage)s, %(creation_time)s, %(last_update_time)s) RETURNING experiments.experiment_id]
[parameters: {'name': 'parent_run_home', 'artifact_location': 's3://test-bucket-nicolas-1/mlflow/parent_run_home', 'lifecycle_stage': 'active', 'creation_time': 1724249601552, 'last_update_time': 1724249601552}]
(Background on this error at: https://sqlalche.me/e/14/gkpj)

During handling of the above exception, another exception occurred:

Traceback (most recent call last):
  File "/home/nicolaspc/anaconda3/envs/mlops_env/lib/python3.12/site-packages/airflow/task/task_runner/standard_task_runner.py", line 117, in _start_by_fork
    ret = args.func(args, dag=self.dag)
          ^^^^^^^^^^^^^^^^^^^^^^^^^^^^^
  File "/home/nicolaspc/anaconda3/envs/mlops_env/lib/python3.12/site-packages/airflow/cli/cli_config.py", line 49, in command
    return func(*args, **kwargs)
           ^^^^^^^^^^^^^^^^^^^^^
  File "/home/nicolaspc/anaconda3/envs/mlops_env/lib/python3.12/site-packages/airflow/utils/cli.py", line 115, in wrapper
    return f(*args, **kwargs)
           ^^^^^^^^^^^^^^^^^^
  File "/home/nicolaspc/anaconda3/envs/mlops_env/lib/python3.12/site-packages/airflow/cli/commands/task_command.py", line 483, in task_run
    task_return_code = _run_task_by_selected_method(args, _dag, ti)
                       ^^^^^^^^^^^^^^^^^^^^^^^^^^^^^^^^^^^^^^^^^^^^
  File "/home/nicolaspc/anaconda3/envs/mlops_env/lib/python3.12/site-packages/airflow/cli/commands/task_command.py", line 256, in _run_task_by_selected_method
    return _run_raw_task(args, ti)
           ^^^^^^^^^^^^^^^^^^^^^^^
  File "/home/nicolaspc/anaconda3/envs/mlops_env/lib/python3.12/site-packages/airflow/cli/commands/task_command.py", line 341, in _run_raw_task
    return ti._run_raw_task(
           ^^^^^^^^^^^^^^^^^
  File "/home/nicolaspc/anaconda3/envs/mlops_env/lib/python3.12/site-packages/airflow/utils/session.py", line 97, in wrapper
    return func(*args, session=session, **kwargs)
           ^^^^^^^^^^^^^^^^^^^^^^^^^^^^^^^^^^^^^^
  File "/home/nicolaspc/anaconda3/envs/mlops_env/lib/python3.12/site-packages/airflow/models/taskinstance.py", line 2995, in _run_raw_task
    return _run_raw_task(
           ^^^^^^^^^^^^^^
  File "/home/nicolaspc/anaconda3/envs/mlops_env/lib/python3.12/site-packages/airflow/models/taskinstance.py", line 273, in _run_raw_task
    TaskInstance._execute_task_with_callbacks(
  File "/home/nicolaspc/anaconda3/envs/mlops_env/lib/python3.12/site-packages/airflow/models/taskinstance.py", line 3149, in _execute_task_with_callbacks
    result = self._execute_task(context, task_orig)
             ^^^^^^^^^^^^^^^^^^^^^^^^^^^^^^^^^^^^^^
  File "/home/nicolaspc/anaconda3/envs/mlops_env/lib/python3.12/site-packages/airflow/models/taskinstance.py", line 3173, in _execute_task
    return _execute_task(self, context, task_orig)
           ^^^^^^^^^^^^^^^^^^^^^^^^^^^^^^^^^^^^^^^
  File "/home/nicolaspc/anaconda3/envs/mlops_env/lib/python3.12/site-packages/airflow/models/taskinstance.py", line 767, in _execute_task
    result = _execute_callable(context=context, **execute_callable_kwargs)
             ^^^^^^^^^^^^^^^^^^^^^^^^^^^^^^^^^^^^^^^^^^^^^^^^^^^^^^^^^^^^^
  File "/home/nicolaspc/anaconda3/envs/mlops_env/lib/python3.12/site-packages/airflow/models/taskinstance.py", line 733, in _execute_callable
    return ExecutionCallableRunner(
           ^^^^^^^^^^^^^^^^^^^^^^^^
  File "/home/nicolaspc/anaconda3/envs/mlops_env/lib/python3.12/site-packages/airflow/utils/operator_helpers.py", line 252, in run
    return self.func(*args, **kwargs)
           ^^^^^^^^^^^^^^^^^^^^^^^^^^
  File "/home/nicolaspc/anaconda3/envs/mlops_env/lib/python3.12/site-packages/airflow/models/baseoperator.py", line 406, in wrapper
    return func(self, *args, **kwargs)
           ^^^^^^^^^^^^^^^^^^^^^^^^^^^
  File "/home/nicolaspc/anaconda3/envs/mlops_env/lib/python3.12/site-packages/airflow/operators/python.py", line 238, in execute
    return_value = self.execute_callable()
                   ^^^^^^^^^^^^^^^^^^^^^^^
  File "/home/nicolaspc/anaconda3/envs/mlops_env/lib/python3.12/site-packages/airflow/operators/python.py", line 256, in execute_callable
    return runner.run(*self.op_args, **self.op_kwargs)
           ^^^^^^^^^^^^^^^^^^^^^^^^^^^^^^^^^^^^^^^^^^^
  File "/home/nicolaspc/anaconda3/envs/mlops_env/lib/python3.12/site-packages/airflow/utils/operator_helpers.py", line 252, in run
    return self.func(*args, **kwargs)
           ^^^^^^^^^^^^^^^^^^^^^^^^^^
  File "/home/nicolaspc/airflow/dags/.ipynb_checkpoints/homework_stepik-checkpoint.py", line 65, in init
    experiment_id = mlflow.create_experiment(exp_name, artifact_location=f"s3://test-bucket-nicolas-1/mlflow/{exp_name}")
                    ^^^^^^^^^^^^^^^^^^^^^^^^^^^^^^^^^^^^^^^^^^^^^^^^^^^^^^^^^^^^^^^^^^^^^^^^^^^^^^^^^^^^^^^^^^^^^^^^^^^^^
  File "/home/nicolaspc/anaconda3/envs/mlops_env/lib/python3.12/site-packages/mlflow/tracking/fluent.py", line 1725, in create_experiment
    return MlflowClient().create_experiment(name, artifact_location, tags)
           ^^^^^^^^^^^^^^^^^^^^^^^^^^^^^^^^^^^^^^^^^^^^^^^^^^^^^^^^^^^^^^^
  File "/home/nicolaspc/anaconda3/envs/mlops_env/lib/python3.12/site-packages/mlflow/tracking/client.py", line 1284, in create_experiment
    return self._tracking_client.create_experiment(name, artifact_location, tags)
           ^^^^^^^^^^^^^^^^^^^^^^^^^^^^^^^^^^^^^^^^^^^^^^^^^^^^^^^^^^^^^^^^^^^^^^
  File "/home/nicolaspc/anaconda3/envs/mlops_env/lib/python3.12/site-packages/mlflow/tracking/_tracking_service/client.py", line 498, in create_experiment
    return self.store.create_experiment(
           ^^^^^^^^^^^^^^^^^^^^^^^^^^^^^
  File "/home/nicolaspc/anaconda3/envs/mlops_env/lib/python3.12/site-packages/mlflow/store/tracking/sqlalchemy_store.py", line 265, in create_experiment
    with self.ManagedSessionMaker() as session:
  File "/home/nicolaspc/anaconda3/envs/mlops_env/lib/python3.12/contextlib.py", line 158, in __exit__
    self.gen.throw(value)
  File "/home/nicolaspc/anaconda3/envs/mlops_env/lib/python3.12/site-packages/mlflow/store/db/utils.py", line 161, in make_managed_session
    raise MlflowException(message=e, error_code=BAD_REQUEST)
mlflow.exceptions.MlflowException: (psycopg2.errors.UniqueViolation) duplicate key value violates unique constraint "experiments_name_key"
DETAIL:  Key (name)=(parent_run_home) already exists.

[SQL: INSERT INTO experiments (name, artifact_location, lifecycle_stage, creation_time, last_update_time) VALUES (%(name)s, %(artifact_location)s, %(lifecycle_stage)s, %(creation_time)s, %(last_update_time)s) RETURNING experiments.experiment_id]
[parameters: {'name': 'parent_run_home', 'artifact_location': 's3://test-bucket-nicolas-1/mlflow/parent_run_home', 'lifecycle_stage': 'active', 'creation_time': 1724249601552, 'last_update_time': 1724249601552}]
(Background on this error at: https://sqlalche.me/e/14/gkpj)
[2024-08-21T19:13:21.632+0500] {local_task_job_runner.py:261} INFO - Task exited with return code 1
[2024-08-21T19:13:21.658+0500] {taskinstance.py:3891} INFO - 0 downstream tasks scheduled from follow-on schedule check
[2024-08-21T19:13:21.662+0500] {local_task_job_runner.py:240} INFO - ::endgroup::
